
*** Running vivado
    with args -log top.vds -m64 -product Vivado -mode batch -messageDb vivado.pb -notrace -source top.tcl


ECHO is off.
ECHO is off.

****** Vivado v2023.2 (64-bit)
  **** SW Build 4029153 on Fri Oct 13 20:14:34 MDT 2023
  **** IP Build 4028589 on Sat Oct 14 00:45:43 MDT 2023
  **** SharedData Build 4025554 on Tue Oct 10 17:18:54 MDT 2023
    ** Copyright 1986-2022 Xilinx, Inc. All Rights Reserved.
    ** Copyright 2022-2023 Advanced Micro Devices, Inc. All Rights Reserved.

source top.tcl -notrace
create_project: Time (s): cpu = 00:00:09 ; elapsed = 00:00:10 . Memory (MB): peak = 472.738 ; gain = 177.281
Command: read_checkpoint -auto_incremental -incremental C:/dev/ECE320/Project1/Project1.srcs/utils_1/imports/synth_1/digitShifing.dcp
INFO: [Vivado 12-5825] Read reference checkpoint from C:/dev/ECE320/Project1/Project1.srcs/utils_1/imports/synth_1/digitShifing.dcp for incremental synthesis
INFO: [Vivado 12-7989] Please ensure there are no constraint changes
Command: synth_design -top top -part xc7a100tcsg324-1
Starting synth_design
Attempting to get a license for feature 'Synthesis' and/or device 'xc7a100t'
INFO: [Common 17-349] Got license for feature 'Synthesis' and/or device 'xc7a100t'
INFO: [Synth 8-7079] Multithreading enabled for synth_design using a maximum of 2 processes.
INFO: [Synth 8-7078] Launching helper process for spawning children vivado processes
INFO: [Synth 8-7075] Helper process launched with PID 26776
---------------------------------------------------------------------------------
Starting Synthesize : Time (s): cpu = 00:00:09 ; elapsed = 00:00:09 . Memory (MB): peak = 924.805 ; gain = 437.551
---------------------------------------------------------------------------------
INFO: [Synth 8-6157] synthesizing module 'top' [C:/dev/ECE320/Project1/Project1.srcs/sources_1/new/top.v:23]
INFO: [Synth 8-6157] synthesizing module 'digitShifing' [C:/dev/ECE320/Project1/Project1.srcs/sources_1/new/digitShifing.v:23]
INFO: [Synth 8-6155] done synthesizing module 'digitShifing' (0#1) [C:/dev/ECE320/Project1/Project1.srcs/sources_1/new/digitShifing.v:23]
INFO: [Synth 8-6157] synthesizing module 'bcdToSeg' [C:/dev/ECE320/Project1/Project1.srcs/sources_1/imports/new/bcdToSeg.v:23]
INFO: [Synth 8-6155] done synthesizing module 'bcdToSeg' (0#1) [C:/dev/ECE320/Project1/Project1.srcs/sources_1/imports/new/bcdToSeg.v:23]
INFO: [Synth 8-6157] synthesizing module 'sSegDisplay_8' [C:/dev/ECE320/Project1/Project1.srcs/sources_1/imports/new/sSegdisplay_8.v:1]
WARNING: [Synth 8-567] referenced signal 'digit0' should be on the sensitivity list [C:/dev/ECE320/Project1/Project1.srcs/sources_1/imports/new/sSegdisplay_8.v:21]
WARNING: [Synth 8-567] referenced signal 'digit1' should be on the sensitivity list [C:/dev/ECE320/Project1/Project1.srcs/sources_1/imports/new/sSegdisplay_8.v:21]
WARNING: [Synth 8-567] referenced signal 'digit2' should be on the sensitivity list [C:/dev/ECE320/Project1/Project1.srcs/sources_1/imports/new/sSegdisplay_8.v:21]
WARNING: [Synth 8-567] referenced signal 'digit3' should be on the sensitivity list [C:/dev/ECE320/Project1/Project1.srcs/sources_1/imports/new/sSegdisplay_8.v:21]
WARNING: [Synth 8-567] referenced signal 'digit4' should be on the sensitivity list [C:/dev/ECE320/Project1/Project1.srcs/sources_1/imports/new/sSegdisplay_8.v:21]
WARNING: [Synth 8-567] referenced signal 'digit5' should be on the sensitivity list [C:/dev/ECE320/Project1/Project1.srcs/sources_1/imports/new/sSegdisplay_8.v:21]
WARNING: [Synth 8-567] referenced signal 'digit6' should be on the sensitivity list [C:/dev/ECE320/Project1/Project1.srcs/sources_1/imports/new/sSegdisplay_8.v:21]
WARNING: [Synth 8-567] referenced signal 'digit7' should be on the sensitivity list [C:/dev/ECE320/Project1/Project1.srcs/sources_1/imports/new/sSegdisplay_8.v:21]
INFO: [Synth 8-6155] done synthesizing module 'sSegDisplay_8' (0#1) [C:/dev/ECE320/Project1/Project1.srcs/sources_1/imports/new/sSegdisplay_8.v:1]
INFO: [Synth 8-6155] done synthesizing module 'top' (0#1) [C:/dev/ECE320/Project1/Project1.srcs/sources_1/new/top.v:23]
---------------------------------------------------------------------------------
Finished Synthesize : Time (s): cpu = 00:00:11 ; elapsed = 00:00:12 . Memory (MB): peak = 1032.164 ; gain = 544.910
---------------------------------------------------------------------------------
---------------------------------------------------------------------------------
Finished Constraint Validation : Time (s): cpu = 00:00:12 ; elapsed = 00:00:12 . Memory (MB): peak = 1032.164 ; gain = 544.910
---------------------------------------------------------------------------------
---------------------------------------------------------------------------------
Start Loading Part and Timing Information
---------------------------------------------------------------------------------
Loading part: xc7a100tcsg324-1
---------------------------------------------------------------------------------
Finished Loading Part and Timing Information : Time (s): cpu = 00:00:12 ; elapsed = 00:00:12 . Memory (MB): peak = 1032.164 ; gain = 544.910
---------------------------------------------------------------------------------
INFO: [Device 21-403] Loading part xc7a100tcsg324-1
---------------------------------------------------------------------------------
Start Preparing Guide Design
---------------------------------------------------------------------------------
CRITICAL WARNING: [Synth 8-6895] The reference checkpoint C:/dev/ECE320/Project1/Project1.srcs/utils_1/imports/synth_1/digitShifing.dcp is not suitable for use with incremental synthesis for this design. Please regenerate the checkpoint for this design with -incremental_synth switch in the same Vivado session that synth_design has been run. Synthesis will continue with the default flow
---------------------------------------------------------------------------------
Finished Doing Graph Differ : Time (s): cpu = 00:00:12 ; elapsed = 00:00:12 . Memory (MB): peak = 1032.164 ; gain = 544.910
---------------------------------------------------------------------------------
---------------------------------------------------------------------------------
Finished Preparing Guide Design : Time (s): cpu = 00:00:12 ; elapsed = 00:00:12 . Memory (MB): peak = 1032.164 ; gain = 544.910
---------------------------------------------------------------------------------
---------------------------------------------------------------------------------
Finished RTL Optimization Phase 2 : Time (s): cpu = 00:00:12 ; elapsed = 00:00:12 . Memory (MB): peak = 1032.164 ; gain = 544.910
---------------------------------------------------------------------------------


Incremental Synthesis Report Summary:

1. Incremental synthesis run: no

   Reason for not running incremental synthesis : 


INFO: [Synth 8-7130] Flow is switching to default flow due to incremental criteria not met. If you would like to alter this behaviour and have the flow terminate instead, please set the following parameter config_implementation {autoIncr.Synth.RejectBehavior Terminate}
No constraint files found.
---------------------------------------------------------------------------------
Start RTL Component Statistics 
---------------------------------------------------------------------------------
Detailed RTL Component Info : 
+---Registers : 
	                4 Bit    Registers := 4     
+---Muxes : 
	   8 Input    8 Bit        Muxes := 1     
	   2 Input    4 Bit        Muxes := 1     
	   2 Input    1 Bit        Muxes := 2     
---------------------------------------------------------------------------------
Finished RTL Component Statistics 
---------------------------------------------------------------------------------
---------------------------------------------------------------------------------
Start Part Resource Summary
---------------------------------------------------------------------------------
Part Resources:
DSPs: 240 (col length:80)
BRAMs: 270 (col length: RAMB18 80 RAMB36 40)
---------------------------------------------------------------------------------
Finished Part Resource Summary
---------------------------------------------------------------------------------
No constraint files found.
---------------------------------------------------------------------------------
Start Cross Boundary and Area Optimization
---------------------------------------------------------------------------------
WARNING: [Synth 8-7080] Parallel synthesis criteria is not met
---------------------------------------------------------------------------------
Finished Cross Boundary and Area Optimization : Time (s): cpu = 00:00:19 ; elapsed = 00:00:21 . Memory (MB): peak = 1237.133 ; gain = 749.879
---------------------------------------------------------------------------------
No constraint files found.
---------------------------------------------------------------------------------
Start Timing Optimization
---------------------------------------------------------------------------------
---------------------------------------------------------------------------------
Finished Timing Optimization : Time (s): cpu = 00:00:19 ; elapsed = 00:00:21 . Memory (MB): peak = 1237.133 ; gain = 749.879
---------------------------------------------------------------------------------
---------------------------------------------------------------------------------
Start Technology Mapping
---------------------------------------------------------------------------------
---------------------------------------------------------------------------------
Finished Technology Mapping : Time (s): cpu = 00:00:19 ; elapsed = 00:00:21 . Memory (MB): peak = 1237.133 ; gain = 749.879
---------------------------------------------------------------------------------
---------------------------------------------------------------------------------
Start IO Insertion
---------------------------------------------------------------------------------
---------------------------------------------------------------------------------
Start Flattening Before IO Insertion
---------------------------------------------------------------------------------
---------------------------------------------------------------------------------
Finished Flattening Before IO Insertion
---------------------------------------------------------------------------------
---------------------------------------------------------------------------------
Start Final Netlist Cleanup
---------------------------------------------------------------------------------
---------------------------------------------------------------------------------
Finished Final Netlist Cleanup
---------------------------------------------------------------------------------
---------------------------------------------------------------------------------
Finished IO Insertion : Time (s): cpu = 00:00:26 ; elapsed = 00:00:28 . Memory (MB): peak = 1237.133 ; gain = 749.879
---------------------------------------------------------------------------------
---------------------------------------------------------------------------------
Start Renaming Generated Instances
---------------------------------------------------------------------------------
---------------------------------------------------------------------------------
Finished Renaming Generated Instances : Time (s): cpu = 00:00:26 ; elapsed = 00:00:28 . Memory (MB): peak = 1237.133 ; gain = 749.879
---------------------------------------------------------------------------------
---------------------------------------------------------------------------------
Start Rebuilding User Hierarchy
---------------------------------------------------------------------------------
---------------------------------------------------------------------------------
Finished Rebuilding User Hierarchy : Time (s): cpu = 00:00:26 ; elapsed = 00:00:28 . Memory (MB): peak = 1237.133 ; gain = 749.879
---------------------------------------------------------------------------------
---------------------------------------------------------------------------------
Start Renaming Generated Ports
---------------------------------------------------------------------------------
---------------------------------------------------------------------------------
Finished Renaming Generated Ports : Time (s): cpu = 00:00:26 ; elapsed = 00:00:28 . Memory (MB): peak = 1237.133 ; gain = 749.879
---------------------------------------------------------------------------------
---------------------------------------------------------------------------------
Start Handling Custom Attributes
---------------------------------------------------------------------------------
---------------------------------------------------------------------------------
Finished Handling Custom Attributes : Time (s): cpu = 00:00:26 ; elapsed = 00:00:28 . Memory (MB): peak = 1237.133 ; gain = 749.879
---------------------------------------------------------------------------------
---------------------------------------------------------------------------------
Start Renaming Generated Nets
---------------------------------------------------------------------------------
---------------------------------------------------------------------------------
Finished Renaming Generated Nets : Time (s): cpu = 00:00:26 ; elapsed = 00:00:28 . Memory (MB): peak = 1237.133 ; gain = 749.879
---------------------------------------------------------------------------------
---------------------------------------------------------------------------------
Start Writing Synthesis Report
---------------------------------------------------------------------------------

Report BlackBoxes: 
+-+--------------+----------+
| |BlackBox name |Instances |
+-+--------------+----------+
+-+--------------+----------+

Report Cell Usage: 
+------+-------+------+
|      |Cell   |Count |
+------+-------+------+
|1     |BUFG   |     2|
|2     |CARRY4 |     5|
|3     |LUT1   |     1|
|4     |LUT2   |     5|
|5     |LUT3   |     9|
|6     |LUT4   |    23|
|7     |LUT6   |    17|
|8     |FDCE   |     4|
|9     |FDPE   |    12|
|10    |FDRE   |    20|
|11    |IBUF   |     7|
|12    |OBUF   |    16|
+------+-------+------+

Report Instance Areas: 
+------+----------------+--------------+------+
|      |Instance        |Module        |Cells |
+------+----------------+--------------+------+
|1     |top             |              |   121|
|2     |  digitShifting |digitShifing  |    55|
|3     |  sSegDisplay_8 |sSegDisplay_8 |    41|
+------+----------------+--------------+------+
---------------------------------------------------------------------------------
Finished Writing Synthesis Report : Time (s): cpu = 00:00:26 ; elapsed = 00:00:28 . Memory (MB): peak = 1237.133 ; gain = 749.879
---------------------------------------------------------------------------------
Synthesis finished with 0 errors, 1 critical warnings and 9 warnings.
Synthesis Optimization Runtime : Time (s): cpu = 00:00:26 ; elapsed = 00:00:28 . Memory (MB): peak = 1237.133 ; gain = 749.879
Synthesis Optimization Complete : Time (s): cpu = 00:00:26 ; elapsed = 00:00:28 . Memory (MB): peak = 1237.133 ; gain = 749.879
INFO: [Project 1-571] Translating synthesized netlist
Netlist sorting complete. Time (s): cpu = 00:00:00 ; elapsed = 00:00:00.002 . Memory (MB): peak = 1245.980 ; gain = 0.000
INFO: [Netlist 29-17] Analyzing 5 Unisim elements for replacement
INFO: [Netlist 29-28] Unisim Transformation completed in 0 CPU seconds
INFO: [Project 1-570] Preparing netlist for logic optimization
INFO: [Opt 31-138] Pushed 0 inverter(s) to 0 load pin(s).
Netlist sorting complete. Time (s): cpu = 00:00:00 ; elapsed = 00:00:00 . Memory (MB): peak = 1340.316 ; gain = 0.000
INFO: [Project 1-111] Unisim Transformation Summary:
No Unisim elements were transformed.

The system cannot find the path specified.
Synth Design complete | Checksum: 3cd2ca85
INFO: [Common 17-83] Releasing license: Synthesis
23 Infos, 9 Warnings, 1 Critical Warnings and 0 Errors encountered.
synth_design completed successfully
synth_design: Time (s): cpu = 00:00:28 ; elapsed = 00:00:31 . Memory (MB): peak = 1340.316 ; gain = 862.582
INFO: [runtcl-6] Synthesis results are not added to the cache due to CRITICAL_WARNING
Write ShapeDB Complete: Time (s): cpu = 00:00:00 ; elapsed = 00:00:00.002 . Memory (MB): peak = 1340.316 ; gain = 0.000
INFO: [Common 17-1381] The checkpoint 'C:/dev/ECE320/Project1/Project1.runs/synth_1/top.dcp' has been generated.
INFO: [runtcl-4] Executing : report_utilization -file top_utilization_synth.rpt -pb top_utilization_synth.pb
INFO: [Common 17-206] Exiting Vivado at Wed Apr 24 00:50:17 2024...
